<?xml version="1.0" encoding="UTF-8"?>
<testng-results ignored="0" total="1" passed="1" failed="0" skipped="0">
  <reporter-output>
    <line>
      <![CDATA[landed on pdt details page]]>
    </line>
  </reporter-output>
  <suite started-at="2022-12-24T20:30:17 PST" name="Default suite" finished-at="2022-12-24T20:31:21 PST" duration-ms="63266">
    <groups>
    </groups>
    <test started-at="2022-12-24T20:30:17 PST" name="Default test" finished-at="2022-12-24T20:31:21 PST" duration-ms="63266">
      <class name="com.testscripts.addtocart">
        <test-method is-config="true" signature="configBT()[pri:0, instance:com.testscripts.addtocart@1c742ed4]" started-at="2022-12-24T20:30:17 PST" name="configBT" finished-at="2022-12-24T20:30:47 PST" duration-ms="29842" status="PASS">
          <reporter-output>
          </reporter-output>
        </test-method> <!-- configBT -->
        <test-method signature="AddToCarttest()[pri:0, instance:com.testscripts.addtocart@1c742ed4]" started-at="2022-12-24T20:30:47 PST" name="AddToCarttest" finished-at="2022-12-24T20:31:20 PST" duration-ms="33307" status="PASS">
          <reporter-output>
            <line>
              <![CDATA[landed on pdt details page]]>
            </line>
          </reporter-output>
        </test-method> <!-- AddToCarttest -->
      </class> <!-- com.testscripts.addtocart -->
    </test> <!-- Default test -->
  </suite> <!-- Default suite -->
</testng-results>
